  PluginProcessor.cpp
C:\Users\stenh\AndroidStudioProjects\GouodDrive\Source\PluginProcessor.cpp(80,55): warning C4100: "index": Unreferenzierter formaler Parameter
C:\Users\stenh\AndroidStudioProjects\GouodDrive\Source\PluginProcessor.cpp(84,66): warning C4100: "index": Unreferenzierter formaler Parameter
C:\Users\stenh\AndroidStudioProjects\GouodDrive\Source\PluginProcessor.cpp(89,82): warning C4100: "newName": Unreferenzierter formaler Parameter
C:\Users\stenh\AndroidStudioProjects\GouodDrive\Source\PluginProcessor.cpp(89,55): warning C4100: "index": Unreferenzierter formaler Parameter
C:\Users\stenh\AndroidStudioProjects\GouodDrive\Source\PluginProcessor.cpp(103,20): warning C4305: "Argument": Verkürzung von "double" in "SampleType"
          with
          [
              SampleType=float
          ]
C:\Users\stenh\AndroidStudioProjects\GouodDrive\Source\PluginProcessor.cpp(158,50): warning C4244: "=": Konvertierung von "double" in "Type", möglicher Datenverlust
          with
          [
              Type=float
          ]
C:\Users\stenh\AndroidStudioProjects\GouodDrive\Source\PluginProcessor.cpp(163,50): warning C4244: "=": Konvertierung von "double" in "Type", möglicher Datenverlust
          with
          [
              Type=float
          ]
C:\Users\stenh\AndroidStudioProjects\GouodDrive\Source\PluginProcessor.cpp(143,98): warning C4100: "midiMessages": Unreferenzierter formaler Parameter
C:\Users\stenh\AndroidStudioProjects\GouodDrive\Source\PluginProcessor.cpp(184,72): warning C4100: "destData": Unreferenzierter formaler Parameter
C:\Users\stenh\AndroidStudioProjects\GouodDrive\Source\PluginProcessor.cpp(191,75): warning C4100: "sizeInBytes": Unreferenzierter formaler Parameter
C:\Users\stenh\AndroidStudioProjects\GouodDrive\Source\PluginProcessor.cpp(191,65): warning C4100: "data": Unreferenzierter formaler Parameter
  GouodDrive_SharedCode.vcxproj -> C:\Users\stenh\AndroidStudioProjects\GouodDrive\Builds\VisualStudio2019\x64\Debug\Shared Code\GouodDrive.lib
